<?xml version="1.0" encoding="UTF-8"?>
<!-- Generated by org.testng.reporters.JUnitReportReporter -->
<testsuite hostname="DESKTOP-SCKHA1S" failures="0" tests="1" name="optitex.tests.TC5SearchByMenu" time="9.413" errors="0" timestamp="2020-10-16T12:27:22 IDT" skipped="0">
  <testcase classname="optitex.tests.TC5SearchByMenu" name="searchAboutByMenu" time="9.413"/>
  <system-out/>
</testsuite> <!-- optitex.tests.TC5SearchByMenu -->
