<?xml version="1.0" encoding="UTF-8"?>
<!-- Generated by org.testng.reporters.JUnitReportReporter -->
<testsuite hostname="DESKTOP-SCKHA1S" failures="0" tests="1" name="optitex.tests.TC03SearchWebinarTest" time="10.644" errors="0" timestamp="2020-10-25T16:27:56 IST" skipped="0">
  <testcase classname="optitex.tests.TC03SearchWebinarTest" name="searchWebinar" time="10.644"/>
  <system-out/>
</testsuite> <!-- optitex.tests.TC03SearchWebinarTest -->
