<?xml version="1.0" encoding="UTF-8"?>
<!-- Generated by org.testng.reporters.JUnitReportReporter -->
<testsuite hostname="DESKTOP-SCKHA1S" failures="0" tests="1" name="optitex.tests.TC18FaqLink" time="10.818" errors="0" timestamp="2020-11-08T10:40:56 IST" skipped="0">
  <testcase classname="optitex.tests.TC18FaqLink" name="faqLink" time="10.818"/>
  <system-out/>
</testsuite> <!-- optitex.tests.TC18FaqLink -->
