<?xml version="1.0" encoding="UTF-8"?>
<!-- Generated by org.testng.reporters.JUnitReportReporter -->
<testsuite hostname="DESKTOP-SCKHA1S" failures="0" tests="1" name="optitex.tests.TC06LoginWrongUser" time="8.415" errors="0" timestamp="2020-11-05T15:20:39 IST" skipped="0">
  <testcase classname="optitex.tests.TC06LoginWrongUser" name="loginElearningWrongUser" time="8.415"/>
  <system-out/>
</testsuite> <!-- optitex.tests.TC06LoginWrongUser -->
