<?xml version="1.0" encoding="UTF-8"?>
<!-- Generated by org.testng.reporters.JUnitReportReporter -->
<testsuite hostname="DESKTOP-SCKHA1S" failures="0" tests="2" name="optitex.tests.TC04SearchWrongData" time="7.979" errors="0" timestamp="2020-11-05T18:54:42 IST" skipped="0">
  <testcase classname="optitex.tests.TC04SearchWrongData" name="searckInvalidData" time="5.547"/>
  <system-out/>
  <testcase classname="optitex.tests.TC04SearchWrongData" name="searckvalidData" time="2.432"/>
  <system-out/>
</testsuite> <!-- optitex.tests.TC04SearchWrongData -->
