<?xml version="1.0" encoding="UTF-8"?>
<!-- Generated by org.testng.reporters.JUnitReportReporter -->
<testsuite hostname="DESKTOP-SCKHA1S" failures="0" tests="5" name="optitex.tests.TC30LoginWrongUser" time="14.079" errors="0" timestamp="2020-10-22T17:32:08 IDT" skipped="0">
  <testcase classname="optitex.tests.TC30LoginWrongUser" name="loginElearningWrongUser" time="2.632"/>
  <system-out/>
  <testcase classname="optitex.tests.TC30LoginWrongUser" name="loginElearningWrongUser" time="2.539"/>
  <system-out/>
  <testcase classname="optitex.tests.TC30LoginWrongUser" name="loginElearningWrongUser" time="2.636"/>
  <system-out/>
  <testcase classname="optitex.tests.TC30LoginWrongUser" name="loginElearningWrongUser" time="3.715"/>
  <system-out/>
  <testcase classname="optitex.tests.TC30LoginWrongUser" name="loginElearningWrongUser" time="2.557"/>
  <system-out/>
</testsuite> <!-- optitex.tests.TC30LoginWrongUser -->
