<?xml version="1.0" encoding="UTF-8"?>
<!-- Generated by org.testng.reporters.JUnitReportReporter -->
<testsuite hostname="DESKTOP-SCKHA1S" failures="0" tests="1" name="optitex.tests.TC12HelpIndex" time="7.531" errors="0" timestamp="2020-10-25T16:27:56 IST" skipped="0">
  <testcase classname="optitex.tests.TC12HelpIndex" name="checkHelpIndex" time="7.531"/>
  <system-out/>
</testsuite> <!-- optitex.tests.TC12HelpIndex -->
