<?xml version="1.0" encoding="UTF-8"?>
<!-- Generated by org.testng.reporters.JUnitReportReporter -->
<testsuite hostname="DESKTOP-SCKHA1S" failures="0" tests="1" name="optitex.tests.TC16MissingContactTest" time="2.608" errors="0" timestamp="2020-11-02T11:08:00 IST" skipped="0">
  <testcase classname="optitex.tests.TC16MissingContactTest" name="MissingContactData" time="2.608"/>
  <system-out/>
</testsuite> <!-- optitex.tests.TC16MissingContactTest -->
