<?xml version="1.0" encoding="UTF-8"?>
<!-- Generated by org.testng.reporters.JUnitReportReporter -->
<testsuite hostname="DESKTOP-SCKHA1S" failures="0" tests="2" name="optitex.tests.TC11HelpFilter" time="9.362" errors="0" timestamp="2020-11-08T09:44:52 IST" skipped="0">
  <testcase classname="optitex.tests.TC11HelpFilter" name="checkHelpFilterOn" time="8.777"/>
  <system-out/>
  <testcase classname="optitex.tests.TC11HelpFilter" name="checkHelpFilterOff" time="0.585"/>
  <system-out/>
</testsuite> <!-- optitex.tests.TC11HelpFilter -->
