<?xml version="1.0" encoding="UTF-8"?>
<!-- Generated by org.testng.reporters.JUnitReportReporter -->
<testsuite hostname="DESKTOP-SCKHA1S" failures="0" tests="5" name="optitex.tests.TC31LoginWrongUserFromExcel" time="14.148" errors="0" timestamp="2020-11-08T12:15:49 IST" skipped="0">
  <testcase classname="optitex.tests.TC31LoginWrongUserFromExcel" name="loginElearningWrongUser" time="2.571"/>
  <system-out/>
  <testcase classname="optitex.tests.TC31LoginWrongUserFromExcel" name="loginElearningWrongUser" time="2.553"/>
  <system-out/>
  <testcase classname="optitex.tests.TC31LoginWrongUserFromExcel" name="loginElearningWrongUser" time="3.872"/>
  <system-out/>
  <testcase classname="optitex.tests.TC31LoginWrongUserFromExcel" name="loginElearningWrongUser" time="2.577"/>
  <system-out/>
  <testcase classname="optitex.tests.TC31LoginWrongUserFromExcel" name="loginElearningWrongUser" time="2.575"/>
  <system-out/>
</testsuite> <!-- optitex.tests.TC31LoginWrongUserFromExcel -->
