<?xml version="1.0" encoding="UTF-8"?>
<!-- Generated by org.testng.reporters.JUnitReportReporter -->
<testsuite hostname="DESKTOP-SCKHA1S" failures="0" tests="3" name="optitex.tests.TC32SearchWrongDataFromExcel" time="8.725" errors="0" timestamp="2020-11-02T10:45:50 IST" skipped="0">
  <testcase classname="optitex.tests.TC32SearchWrongDataFromExcel" name="searckInvalidData" time="2.375"/>
  <system-out/>
  <testcase classname="optitex.tests.TC32SearchWrongDataFromExcel" name="searckInvalidData" time="2.402"/>
  <system-out/>
  <testcase classname="optitex.tests.TC32SearchWrongDataFromExcel" name="searckInvalidData" time="3.948"/>
  <system-out/>
</testsuite> <!-- optitex.tests.TC32SearchWrongDataFromExcel -->
