<?xml version="1.0" encoding="UTF-8"?>
<!-- Generated by org.testng.reporters.JUnitReportReporter -->
<testsuite hostname="DESKTOP-SCKHA1S" failures="0" tests="2" name="optitex.tests.TC01BookDemoTest" time="1.437" errors="0" timestamp="2020-11-05T18:37:50 IST" skipped="0">
  <testcase classname="optitex.tests.TC01BookDemoTest" name="bookDemoWithoutInfo" time="0.588"/>
  <system-out/>
  <testcase classname="optitex.tests.TC01BookDemoTest" name="bookDemo" time="0.849"/>
  <system-out/>
</testsuite> <!-- optitex.tests.TC01BookDemoTest -->
