<?xml version="1.0" encoding="UTF-8"?>
<!-- Generated by org.testng.reporters.JUnitReportReporter -->
<testsuite hostname="DESKTOP-SCKHA1S" failures="0" tests="1" name="optitex.tests.TC14HelpSearch" time="12.161" errors="0" timestamp="2020-10-25T16:27:56 IST" skipped="0">
  <testcase classname="optitex.tests.TC14HelpSearch" name="searchText" time="12.161"/>
  <system-out/>
</testsuite> <!-- optitex.tests.TC14HelpSearch -->
